\BOOKMARK [1][-]{section*.1}{\376\377\000R\000e\000m\000e\000r\000c\000i\000e\000m\000e\000n\000t\000s}{}% 1
\BOOKMARK [1][-]{section*.2}{\376\377\000R\000\351\000s\000u\000m\000\351}{}% 2
\BOOKMARK [1][-]{section*.6}{\376\377\000I\000n\000t\000r\000o\000d\000u\000c\000t\000i\000o\000n}{}% 3
\BOOKMARK [1][-]{section*.7}{\376\377\000G\000\351\000n\000\350\000s\000e\000\040\000d\000e\000\040\000l\000a\000\040\000l\000o\000i\000\040\000d\000e\000\040\000N\000e\000w\000c\000o\000m\000b\000-\000B\000e\000n\000f\000o\000r\000d}{}% 4
\BOOKMARK [1][-]{section*.10}{\376\377\000E\000x\000p\000\351\000r\000i\000m\000e\000n\000t\000a\000t\000i\000o\000n\000\040\000s\000u\000r\000\040\000d\000i\000f\000f\000\351\000r\000e\000n\000t\000s\000\040\000j\000e\000u\000x\000\040\000d\000e\000\040\000d\000o\000n\000n\000\351\000e\000s}{}% 5
\BOOKMARK [2][-]{section*.11}{\376\377\000L\000a\000\040\000s\000u\000i\000t\000e\000\040\000d\000e\000\040\000F\000i\000b\000o\000n\000a\000c\000c\000i}{section*.10}% 6
\BOOKMARK [2][-]{section*.13}{\376\377\000N\000o\000m\000b\000r\000e\000s\000\040\000e\000x\000t\000r\000a\000i\000t\000s\000\040\000d\000'\000u\000n\000\040\000m\000a\000g\000a\000z\000i\000n\000e\000\040\000e\000t\000\040\000d\000'\000u\000n\000\040\000j\000o\000u\000r\000n\000a\000l}{section*.10}% 7
\BOOKMARK [2][-]{section*.16}{\376\377\000P\000o\000p\000u\000l\000a\000t\000i\000o\000n\000\040\000d\000e\000s\000\040\000v\000i\000l\000l\000e\000s\000\040\000d\000e\000\040\000F\000r\000a\000n\000c\000e}{section*.10}% 8
\BOOKMARK [2][-]{section*.18}{\376\377\000P\000a\000s\000s\000a\000g\000e\000\040\000j\000o\000u\000r\000n\000a\000l\000i\000e\000r\000\040\000d\000e\000\040\000v\000\351\000l\000o\000s\000\040\000d\000a\000n\000s\000\040\000l\000'\000a\000l\000l\000\351\000e\000\040\000B\000e\000r\000a\000c\000a\000s\000a\000\040\000\340\000\040\000M\000o\000n\000t\000p\000e\000l\000l\000i\000e\000r}{section*.10}% 9
\BOOKMARK [2][-]{section*.20}{\376\377\000N\000o\000m\000b\000r\000e\000s\000\040\000g\000\351\000n\000\351\000r\000\351\000s\000\040\000p\000a\000r\000\040\000l\000e\000s\000\040\000h\000u\000m\000a\000i\000n\000s}{section*.10}% 10
\BOOKMARK [1][-]{section*.22}{\376\377\000T\000e\000s\000t\000s}{}% 11
\BOOKMARK [2][-]{section*.23}{\376\377\000G\000\351\000n\000\351\000r\000a\000l\000i\000t\000\351\000s\000\040\000s\000u\000r\000\040\000l\000e\000s\000\040\000t\000e\000s\000t\000s}{section*.22}% 12
\BOOKMARK [2][-]{section*.24}{\376\377\000H\000y\000p\000o\000t\000h\000\350\000s\000e\000\040\000n\000u\000l\000l\000e\000\040\000e\000t\000\040\000h\000y\000p\000o\000t\000h\000\350\000s\000e\000\040\000a\000l\000t\000e\000r\000n\000a\000t\000i\000v\000e}{section*.22}% 13
\BOOKMARK [2][-]{section*.25}{\376\377\000L\000e\000s\000\040\000r\000i\000s\000q\000u\000e\000s\000\040\000d\000'\000e\000r\000r\000e\000u\000r\000s}{section*.22}% 14
\BOOKMARK [2][-]{section*.28}{\376\377\000T\000e\000s\000t\000\040\000d\000u\000\040\000K\000h\000i\000-\000D\000e\000u\000x}{section*.22}% 15
\BOOKMARK [2][-]{section*.30}{\376\377\000T\000e\000s\000t\000\040\000d\000e\000\040\000F\000r\000e\000e\000d\000m\000a\000n\000-\000W\000a\000t\000s\000o\000n}{section*.22}% 16
\BOOKMARK [2][-]{section*.31}{\376\377\000T\000e\000s\000t\000s\000\040\000l\000i\000s\000s\000e\000s\000\040\000p\000o\000u\000r\000\040\000l\000a\000\040\000L\000o\000i\000\040\000d\000e\000\040\000N\000e\000w\000c\000o\000m\000b\000-\000B\000e\000n\000f\000o\000r\000d}{section*.22}% 17
<<<<<<< HEAD
\BOOKMARK [2][-]{section*.32}{\376\377\000A\000p\000p\000l\000i\000c\000a\000t\000i\000o\000n\000\040\000d\000e\000s\000\040\000t\000e\000s\000t\000s}{section*.22}% 18
\BOOKMARK [2][-]{section*.33}{\376\377\000A\000p\000p\000l\000i\000c\000a\000t\000i\000o\000n\000\040\000s\000u\000r\000\040\000n\000o\000s\000\040\000j\000e\000u\000x\000\040\000d\000e\000\040\000d\000o\000n\000n\000\351\000e\000s}{section*.22}% 19
\BOOKMARK [2][-]{section*.34}{\376\377\000A\000p\000p\000l\000i\000c\000a\000t\000i\000o\000n\000\040\000\340\000\040\000d\000e\000s\000\040\000d\000o\000n\000n\000\351\000e\000s\000\040\000f\000i\000s\000c\000a\000l\000e\000s\000\040\000i\000t\000a\000l\000i\000e\000n\000n\000e\000s}{section*.22}% 20
\BOOKMARK [2][-]{section*.75}{\376\377\000C\000A\000S\000\040\000C\000O\000V\000I\000D}{section*.22}% 21
\BOOKMARK [1][-]{section*.76}{\376\377\000C\000o\000n\000c\000l\000u\000s\000i\000o\000n}{}% 22
\BOOKMARK [1][-]{section*.77}{\376\377\000B\000i\000b\000l\000i\000o\000g\000r\000a\000p\000h\000i\000e}{}% 23
=======
\BOOKMARK [1][-]{section*.32}{\376\377\000A\000p\000p\000l\000i\000c\000a\000t\000i\000o\000n\000\040\000d\000e\000s\000\040\000t\000e\000s\000t\000s}{}% 18
\BOOKMARK [2][-]{section*.33}{\376\377\000A\000p\000p\000l\000i\000c\000a\000t\000i\000o\000n\000\040\000s\000u\000r\000\040\000n\000o\000s\000\040\000j\000e\000u\000x\000\040\000d\000e\000\040\000d\000o\000n\000n\000\351\000e\000s}{section*.32}% 19
\BOOKMARK [2][-]{section*.35}{\376\377\000A\000p\000p\000l\000i\000c\000a\000t\000i\000o\000n\000\040\000a\000\040\000d\000e\000s\000\040\000d\000o\000n\000n\000\351\000e\000s\000\040\000f\000i\000s\000c\000a\000l\000e\000s\000\040\000i\000t\000a\000l\000i\000e\000n\000n\000e\000s}{section*.32}% 20
\BOOKMARK [2][-]{section*.76}{\376\377\000C\000A\000S\000\040\000C\000O\000V\000I\000D}{section*.32}% 21
\BOOKMARK [1][-]{section*.77}{\376\377\000C\000o\000n\000c\000l\000u\000s\000i\000o\000n}{}% 22
\BOOKMARK [1][-]{section*.78}{\376\377\000B\000i\000b\000l\000i\000o\000g\000r\000a\000p\000h\000i\000e}{}% 23
>>>>>>> 9f51a9b5d728cd51f075af283ee414c4f45b1d86
